0 info it worked if it ends with ok
1 verbose cli [ 'C:\\Program Files (x86)\\Nodist\\v-x64\\7.2.1\\node.exe',
1 verbose cli   'C:\\Program Files (x86)\\Nodist\\npmv\\4.0.5\\bin\\npm-cli.js',
1 verbose cli   'start' ]
2 info using npm@4.0.5
3 info using node@v7.2.1
4 verbose run-script [ 'prestart', 'start', 'poststart' ]
5 info lifecycle app@0.0.0~prestart: app@0.0.0
6 warn lifecycle The node binary used for scripts is C:\Program Files (x86)\Nodist\bin\node.exe but npm is using C:\Program Files (x86)\Nodist\v-x64\7.2.1\node.exe itself. Use the `--scripts-prepend-node-path` option to include the path for the node binary npm was executed with.
7 silly lifecycle app@0.0.0~prestart: no script for prestart, continuing
8 info lifecycle app@0.0.0~start: app@0.0.0
9 verbose lifecycle app@0.0.0~start: unsafe-perm in lifecycle true
10 verbose lifecycle app@0.0.0~start: PATH: C:\Program Files (x86)\Nodist\npmv\4.0.5\bin\node-gyp-bin;C:\Users\hexian\gitproject\cogen\server_api\node_modules\.bin;C:\Python27\;C:\Python27\Scripts;C:\Program Files (x86)\Intel\iCLS Client\;C:\Program Files\Intel\iCLS Client\;C:\ProgramData\Oracle\Java\javapath;C:\windows\system32;C:\windows;C:\windows\System32\Wbem;C:\windows\System32\WindowsPowerShell\v1.0\;C:\Program Files (x86)\Intel\Intel(R) Management Engine Components\DAL;C:\Program Files\Intel\Intel(R) Management Engine Components\DAL;C:\Program Files (x86)\Intel\Intel(R) Management Engine Components\IPT;C:\Program Files\Intel\Intel(R) Management Engine Components\IPT;c:\Program Files\Intel\WiFi\bin\;c:\Program Files\Common Files\Intel\WirelessCommon\;C:\Program Files (x86)\Nodist\bin;C:\Program Files\Git\cmd;C:\Program Files (x86)\PuTTY\;C:\Users\hexian\AppData\Local\Microsoft\WindowsApps;C:\Program Files (x86)\Microsoft VS Code\bin;C:\Program Files (x86)\Microsoft Visual Studio\2017\Community\MSBuild\15.0\Bin
11 verbose lifecycle app@0.0.0~start: CWD: C:\Users\hexian\gitproject\cogen\server_api
12 silly lifecycle app@0.0.0~start: Args: [ '/d /s /c', 'nodemon app.js' ]
13 verbose stack Error: kill ENOSYS
13 verbose stack     at exports._errnoException (util.js:1022:11)
13 verbose stack     at process.kill (internal/process.js:173:13)
13 verbose stack     at process.listener (C:\Program Files (x86)\Nodist\npmv\4.0.5\node_modules\npmlog\node_modules\gauge\node_modules\signal-exit\index.js:86:15)
13 verbose stack     at emitNone (events.js:91:20)
13 verbose stack     at process.emit (events.js:185:7)
13 verbose stack     at processEmit (C:\Program Files (x86)\Nodist\npmv\4.0.5\node_modules\npmlog\node_modules\gauge\node_modules\signal-exit\index.js:146:32)
13 verbose stack     at processEmit (C:\Program Files (x86)\Nodist\npmv\4.0.5\node_modules\npm-registry-client\node_modules\npmlog\node_modules\gauge\node_modules\signal-exit\index.js:146:32)
13 verbose stack     at Signal.wrap.onsignal (internal/process.js:200:44)
14 verbose cwd C:\Users\hexian\gitproject\cogen\server_api
15 error Windows_NT 10.0.14393
16 error argv "C:\\Program Files (x86)\\Nodist\\v-x64\\7.2.1\\node.exe" "C:\\Program Files (x86)\\Nodist\\npmv\\4.0.5\\bin\\npm-cli.js" "start"
17 error node v7.2.1
18 error npm  v4.0.5
19 error code ENOSYS
20 error errno ENOSYS
21 error syscall kill
22 error kill ENOSYS
23 error If you need help, you may report this error at:
23 error     <https://github.com/npm/npm/issues>
24 verbose exit [ 1, true ]
